[2025-09-17T13:34:24.883Z] [ERROR]: Register failed for baraawael7901@gmail.com: E11000 duplicate key error collection: accountsstore.users index: username_1 dup key: { username: "baraa72" }
[2025-09-17T13:34:42.184Z] [INFO]: User registered: baraawael7901@gmail.com
[2025-09-17T13:36:45.855Z] [ERROR]: Failed login attempt for baraawael790@gmail.com: Invalid credentials
[2025-09-17T13:37:34.527Z] [INFO]: Email verified for user: baraawael7901@gmail.com
[2025-09-17T13:37:41.334Z] [ERROR]: Failed login attempt for baraawael790@gmail.com: Invalid credentials
[2025-09-17T13:37:45.720Z] [ERROR]: Failed login attempt for baraawael790@gmail.com: Invalid credentials
[2025-09-17T13:37:55.415Z] [INFO]: User logged in: baraawael7901@gmail.com
[2025-09-17T13:38:17.974Z] [INFO]: User registered: baraawael7901@gmail.com
[2025-09-17T13:38:24.416Z] [ERROR]: Failed login attempt for baraawael7901@gmail.com: Invalid credentials
[2025-09-17T13:38:39.610Z] [INFO]: Email verified for user: baraawael7901@gmail.com
[2025-09-17T13:38:42.736Z] [INFO]: User logged in: baraawael7901@gmail.com
[2025-09-17T19:35:04.555Z] [ERROR]: Failed login attempt for baraawael7901@gmail.com: Invalid credentials
[2025-09-17T19:35:12.614Z] [INFO]: User registered: baraawael7901@gmail.com
[2025-09-17T19:54:25.449Z] [INFO]: User registered: baraawael7901@gmail.com
[2025-09-17T19:56:36.005Z] [ERROR]: Failed login attempt for baraawael7901@gmail.com: Invalid credentials
[2025-09-17T19:56:41.399Z] [ERROR]: Failed login attempt for baraawael7901@gmail.com: Invalid credentials
[2025-09-17T19:57:13.132Z] [INFO]: User registered: baraawael7901@gmail.com
[2025-09-17T19:57:17.304Z] [ERROR]: Failed login attempt for baraawael7901@gmail.com: Invalid credentials
[2025-09-17T19:58:16.283Z] [INFO]: Email verified for user: baraawael7901@gmail.com
[2025-09-17T19:58:24.728Z] [INFO]: User logged in: baraawael7901@gmail.com
[2025-09-17T22:00:42.138Z] [INFO]: User logged in: baraawael7901@gmail.com
[2025-09-17T23:00:39.423Z] [INFO]: User registered: baraawael7901@gmail.com
[2025-09-17T23:01:52.856Z] [ERROR]: Failed login attempt for baraawael7901@gmail.com: Invalid credentials
[2025-09-17T23:02:26.460Z] [INFO]: Email verified for user: baraawael7901@gmail.com
[2025-09-17T23:02:31.798Z] [INFO]: User logged in: baraawael7901@gmail.com
[2025-09-17T23:04:23.192Z] [INFO]: User logged in: baraawael7901@gmail.com
[2025-09-18T12:27:34.133Z] [INFO]: User registered: baraawael7901@gmail.com
[2025-09-18T12:27:39.208Z] [ERROR]: Failed login attempt for baraawael7901@gmail.com: Invalid credentials
[2025-09-18T12:28:03.561Z] [INFO]: Email verified for user: baraawael7901@gmail.com
[2025-09-18T12:28:10.830Z] [INFO]: User logged in: baraawael7901@gmail.com
[2025-09-18T12:38:44.654Z] [INFO]: User logged in: baraawael7901@gmail.com
[2025-09-18T12:43:14.931Z] [INFO]: User logged in: baraawael7901@gmail.com
[2025-09-18T12:55:14.567Z] [INFO]: User logged in: baraawael7901@gmail.com
[2025-09-18T13:01:44.970Z] [INFO]: User logged in: baraawael7901@gmail.com
[2025-09-24T20:54:17.188Z] [INFO]: User registered: baraawael7901@gmail.com
[2025-09-24T20:54:54.302Z] [ERROR]: Failed login attempt for baraawael7901@gmail.com: Invalid credentials
[2025-09-24T20:55:02.614Z] [ERROR]: Invalid verification attempt for baraawael7901@gmail.com: Invalid or expired code
[2025-09-24T20:55:25.257Z] [INFO]: Email verified for user: baraawael7901@gmail.com
[2025-09-24T20:55:30.339Z] [INFO]: User logged in: baraawael7901@gmail.com
[2025-09-24T20:57:42.267Z] [ERROR]: Register failed for baraaweal24@gmail.com: E11000 duplicate key error collection: accountsstore.users index: username_1 dup key: { username: "baraa7" }
[2025-09-24T20:57:50.399Z] [INFO]: User registered: baraaweal24@gmail.com
[2025-09-24T20:58:19.978Z] [ERROR]: Invalid verification attempt for baraawael7901@gmail.com: Invalid or expired code
[2025-09-24T20:58:52.418Z] [INFO]: Email verified for user: baraaweal24@gmail.com
[2025-09-24T20:59:38.539Z] [INFO]: User logged in: baraawael7901@gmail.com
[2025-09-24T20:59:49.955Z] [INFO]: User logged in: baraaweal24@gmail.com
[2025-09-24T21:11:31.557Z] [ERROR]: Failed login attempt for baraaweal7901@gmail.com: Invalid credentials
[2025-09-24T21:11:53.052Z] [INFO]: User logged in: baraawael7901@gmail.com
[2025-09-24T21:26:47.698Z] [INFO]: User logged in: baraawael7901@gmail.com
[2025-09-24T21:30:18.472Z] [INFO]: User logged in: baraaweal24@gmail.com
[2025-09-24T21:32:01.228Z] [INFO]: User logged in: baraaweal24@gmail.com
[2025-09-24T21:32:50.270Z] [INFO]: User logged in: baraaweal24@gmail.com
[2025-09-24T21:39:16.020Z] [INFO]: User logged in: baraaweal24@gmail.com
[2025-09-24T22:28:33.308Z] [INFO]: User logged in: baraaweal24@gmail.com
[2025-09-26T20:11:43.771Z] [INFO]: User logged in: baraaweal24@gmail.com
[2025-09-26T20:16:15.669Z] [INFO]: User logged in: baraaweal24@gmail.com
[2025-09-26T20:17:08.419Z] [INFO]: User logged in: baraaweal24@gmail.com
[2025-09-26T20:38:34.487Z] [INFO]: User logged in: baraaweal24@gmail.com
[2025-09-26T20:40:49.505Z] [INFO]: User logged in: baraaweal24@gmail.com
[2025-09-26T21:01:36.276Z] [INFO]: User logged in: baraaweal24@gmail.com
[2025-09-26T21:02:47.384Z] [INFO]: User logged in: baraaweal24@gmail.com
[2025-09-26T21:03:39.367Z] [INFO]: User logged in: baraaweal24@gmail.com
[2025-09-26T21:04:10.206Z] [INFO]: User logged in: baraaweal24@gmail.com
[2025-09-26T21:07:58.778Z] [INFO]: User logged in: baraaweal24@gmail.com
[2025-09-26T23:28:28.198Z] [INFO]: User logged in: baraaweal24@gmail.com
[2025-09-26T23:29:28.131Z] [INFO]: User logged in: baraaweal24@gmail.com
[2025-09-26T23:29:41.086Z] [INFO]: User logged in: baraaweal24@gmail.com
[2025-09-26T23:31:02.110Z] [INFO]: User logged in: baraaweal24@gmail.com
[2025-09-26T23:32:26.313Z] [INFO]: User logged in: baraawael7901@gmail.com
[2025-09-26T23:33:19.638Z] [INFO]: User logged in: baraaweal24@gmail.com
[2025-09-27T00:32:35.485Z] [INFO]: User logged in: baraaweal24@gmail.com
[2025-09-27T00:37:50.004Z] [INFO]: User registered: baraaweal24@gmail.com
[2025-09-27T00:37:57.894Z] [ERROR]: Failed login attempt for baraaweal24@gmail.com: Invalid credentials
[2025-09-27T00:38:32.917Z] [INFO]: Email verified for user: baraaweal24@gmail.com
[2025-09-27T00:39:32.663Z] [ERROR]: Register failed for baraawael7901@gmail.com: E11000 duplicate key error collection: accountsstore.users index: username_1 dup key: { username: "baraa72" }
[2025-09-27T00:39:38.591Z] [INFO]: User registered: baraawael7901@gmail.com
[2025-09-27T00:39:58.534Z] [ERROR]: Invalid verification attempt for baraaweal24@gmail.com: Invalid or expired code
[2025-09-27T00:40:13.388Z] [INFO]: Email verified for user: baraawael7901@gmail.com
[2025-09-28T09:25:59.684Z] [INFO]: User registered: baraawael7901@gmail.com
[2025-09-28T09:26:25.246Z] [ERROR]: Failed login attempt for baraawael7901@gmail.com: Invalid credentials
[2025-09-28T09:27:00.382Z] [INFO]: Email verified for user: baraawael7901@gmail.com
[2025-09-28T09:27:06.930Z] [INFO]: User logged in: baraawael7901@gmail.com
[2025-09-28T22:03:48.886Z] [INFO]: ✅ User created in database: testdirect@gmail.com with ID: 68d9b0c41e8046d1a6efd87e
[2025-09-28T22:03:50.168Z] [INFO]: ✅ User registration completed: testdirect@gmail.com
[2025-09-28T22:39:02.983Z] [ERROR]: Failed login attempt for baraawael7901@gmail.com: Invalid credentials
[2025-09-28T22:39:17.523Z] [INFO]: User logged in: baraawael7901@gmail.com
[2025-09-28T22:39:34.441Z] [INFO]: User logged out, refresh token revoked: baraawael7901@gmail.com
[2025-09-28T22:40:25.048Z] [INFO]: User registered: abduallhshadow@gmail.com
[2025-09-28T22:40:49.116Z] [INFO]: Email verified for user: abduallhshadow@gmail.com
[2025-09-28T22:41:26.990Z] [INFO]: User logged out, refresh token revoked: abduallhshadow@gmail.com
